<?xml version="1.0" encoding="UTF-8"?>
<testng-results ignored="0" total="1" passed="1" failed="0" skipped="0">
  <reporter-output>
  </reporter-output>
  <suite started-at="2022-09-04T22:00:05Z" name="InetBankingV1" finished-at="2022-09-04T22:00:15Z" duration-ms="10168">
    <groups>
    </groups>
    <test started-at="2022-09-04T22:00:05Z" name="BankingAppTest" finished-at="2022-09-04T22:00:15Z" duration-ms="10168">
      <class name="com.inetbanking.testcases.TC_LoginTest_001">
        <test-method is-config="true" signature="setup(java.lang.String)[pri:0, instance:com.inetbanking.testcases.TC_LoginTest_001@548e6d58]" started-at="2022-09-04T22:00:06Z" name="setup" finished-at="2022-09-04T22:00:11Z" duration-ms="5377" status="PASS">
          <params>
            <param index="0">
              <value>
                <![CDATA[chrome]]>
              </value>
            </param>
          </params>
          <reporter-output>
          </reporter-output>
        </test-method> <!-- setup -->
        <test-method signature="loginTest()[pri:0, instance:com.inetbanking.testcases.TC_LoginTest_001@548e6d58]" started-at="2022-09-04T22:00:11Z" name="loginTest" finished-at="2022-09-04T22:00:14Z" duration-ms="3331" status="PASS">
          <reporter-output>
          </reporter-output>
        </test-method> <!-- loginTest -->
        <test-method is-config="true" signature="tearDown()[pri:0, instance:com.inetbanking.testcases.TC_LoginTest_001@548e6d58]" started-at="2022-09-04T22:00:14Z" name="tearDown" finished-at="2022-09-04T22:00:15Z" duration-ms="453" status="PASS">
          <reporter-output>
          </reporter-output>
        </test-method> <!-- tearDown -->
      </class> <!-- com.inetbanking.testcases.TC_LoginTest_001 -->
    </test> <!-- BankingAppTest -->
  </suite> <!-- InetBankingV1 -->
</testng-results>
